  314221658_Reporte9_GPO12.cpp
C:\Users\hecto\Desktop\Repositorio\314221658_Proyecto_GPO12\ProyectoFinal\ProyectoFinal\314221658_Reporte9_GPO12.cpp(301,24): warning C4244: 'inicializando': conversión de 'double' a 'GLfloat'; posible pérdida de datos
C:\Users\hecto\Desktop\Repositorio\314221658_Proyecto_GPO12\ProyectoFinal\ProyectoFinal\314221658_Reporte9_GPO12.cpp(337,21): warning C4244: '=': conversión de 'double' a 'T'; posible pérdida de datos
          with
          [
              T=float
          ]
C:\Users\hecto\Desktop\Repositorio\314221658_Proyecto_GPO12\ProyectoFinal\ProyectoFinal\314221658_Reporte9_GPO12.cpp(338,21): warning C4244: '=': conversión de 'double' a 'T'; posible pérdida de datos
          with
          [
              T=float
          ]
C:\Users\hecto\Desktop\Repositorio\314221658_Proyecto_GPO12\ProyectoFinal\ProyectoFinal\314221658_Reporte9_GPO12.cpp(339,21): warning C4244: '=': conversión de 'double' a 'T'; posible pérdida de datos
          with
          [
              T=float
          ]
C:\Users\hecto\Desktop\Repositorio\314221658_Proyecto_GPO12\ProyectoFinal\ProyectoFinal\314221658_Reporte9_GPO12.cpp(539,23): warning C4244: '=': conversión de 'double' a 'float'; posible pérdida de datos
C:\Users\hecto\Desktop\Repositorio\314221658_Proyecto_GPO12\ProyectoFinal\ProyectoFinal\314221658_Reporte9_GPO12.cpp(648,23): warning C4305: '-=': truncamiento de 'double' a 'float'
C:\Users\hecto\Desktop\Repositorio\314221658_Proyecto_GPO12\ProyectoFinal\ProyectoFinal\314221658_Reporte9_GPO12.cpp(732,11): warning C4244: '=': conversión de 'double' a 'GLfloat'; posible pérdida de datos
C:\Users\hecto\Desktop\Repositorio\314221658_Proyecto_GPO12\ProyectoFinal\ProyectoFinal\314221658_Reporte9_GPO12.cpp(733,11): warning C4244: '=': conversión de 'double' a 'GLfloat'; posible pérdida de datos
C:\Users\hecto\Desktop\Repositorio\314221658_Proyecto_GPO12\ProyectoFinal\ProyectoFinal\314221658_Reporte9_GPO12.cpp(737,18): warning C4244: 'inicializando': conversión de 'double' a 'GLfloat'; posible pérdida de datos
C:\Users\hecto\Desktop\Repositorio\314221658_Proyecto_GPO12\ProyectoFinal\ProyectoFinal\314221658_Reporte9_GPO12.cpp(738,18): warning C4244: 'inicializando': conversión de 'double' a 'GLfloat'; posible pérdida de datos
C:\Users\hecto\Desktop\Repositorio\314221658_Proyecto_GPO12\ProyectoFinal\ProyectoFinal\314221658_Reporte9_GPO12.cpp(740,10): warning C4244: '=': conversión de 'double' a 'GLfloat'; posible pérdida de datos
C:\Users\hecto\Desktop\Repositorio\314221658_Proyecto_GPO12\ProyectoFinal\ProyectoFinal\314221658_Reporte9_GPO12.cpp(741,10): warning C4244: '=': conversión de 'double' a 'GLfloat'; posible pérdida de datos
C:\Users\hecto\Desktop\Repositorio\314221658_Proyecto_GPO12\ProyectoFinal\ProyectoFinal\314221658_Reporte9_GPO12.cpp(752,22): warning C4305: '-=': truncamiento de 'double' a 'float'
C:\Users\hecto\Desktop\Repositorio\314221658_Proyecto_GPO12\ProyectoFinal\ProyectoFinal\314221658_Reporte9_GPO12.cpp(764,22): warning C4305: '+=': truncamiento de 'double' a 'float'
C:\Users\hecto\Desktop\Repositorio\314221658_Proyecto_GPO12\ProyectoFinal\ProyectoFinal\314221658_Reporte9_GPO12.cpp(776,22): warning C4305: '+=': truncamiento de 'double' a 'float'
C:\Users\hecto\Desktop\Repositorio\314221658_Proyecto_GPO12\ProyectoFinal\ProyectoFinal\314221658_Reporte9_GPO12.cpp(788,22): warning C4305: '-=': truncamiento de 'double' a 'float'
C:\Users\hecto\Desktop\Repositorio\314221658_Proyecto_GPO12\ProyectoFinal\ProyectoFinal\314221658_Reporte9_GPO12.cpp(810,24): warning C4305: '-=': truncamiento de 'double' a 'float'
C:\Users\hecto\Desktop\Repositorio\314221658_Proyecto_GPO12\ProyectoFinal\ProyectoFinal\314221658_Reporte9_GPO12.cpp(820,24): warning C4305: '+=': truncamiento de 'double' a 'float'
C:\Users\hecto\Desktop\Repositorio\314221658_Proyecto_GPO12\ProyectoFinal\ProyectoFinal\314221658_Reporte9_GPO12.cpp(831,20): warning C4305: '+=': truncamiento de 'double' a 'float'
C:\Users\hecto\Desktop\Repositorio\314221658_Proyecto_GPO12\ProyectoFinal\ProyectoFinal\314221658_Reporte9_GPO12.cpp(841,20): warning C4305: '+=': truncamiento de 'double' a 'float'
C:\Users\hecto\Desktop\Repositorio\314221658_Proyecto_GPO12\ProyectoFinal\ProyectoFinal\314221658_Reporte9_GPO12.cpp(842,20): warning C4305: '-=': truncamiento de 'double' a 'float'
C:\Users\hecto\Desktop\Repositorio\314221658_Proyecto_GPO12\ProyectoFinal\ProyectoFinal\314221658_Reporte9_GPO12.cpp(852,20): warning C4305: '+=': truncamiento de 'double' a 'float'
C:\Users\hecto\Desktop\Repositorio\314221658_Proyecto_GPO12\ProyectoFinal\ProyectoFinal\314221658_Reporte9_GPO12.cpp(862,20): warning C4305: '-=': truncamiento de 'double' a 'float'
C:\Users\hecto\Desktop\Repositorio\314221658_Proyecto_GPO12\ProyectoFinal\ProyectoFinal\314221658_Reporte9_GPO12.cpp(863,20): warning C4305: '-=': truncamiento de 'double' a 'float'
C:\Users\hecto\Desktop\Repositorio\314221658_Proyecto_GPO12\ProyectoFinal\ProyectoFinal\314221658_Reporte9_GPO12.cpp(873,20): warning C4305: '-=': truncamiento de 'double' a 'float'
C:\Users\hecto\Desktop\Repositorio\314221658_Proyecto_GPO12\ProyectoFinal\ProyectoFinal\314221658_Reporte9_GPO12.cpp(882,22): warning C4305: '+=': truncamiento de 'double' a 'float'
C:\Users\hecto\Desktop\Repositorio\314221658_Proyecto_GPO12\ProyectoFinal\ProyectoFinal\314221658_Reporte9_GPO12.cpp(891,22): warning C4305: '-=': truncamiento de 'double' a 'float'
C:\Users\hecto\Desktop\Repositorio\314221658_Proyecto_GPO12\ProyectoFinal\ProyectoFinal\314221658_Reporte9_GPO12.cpp(902,19): warning C4305: '+=': truncamiento de 'double' a 'float'
soil2-debug.lib(SOIL2.obj) : warning LNK4075: se omite '/EDITANDCONTINUE' debido a la especificación '/OPT:ICF'
LINK : warning LNK4098: la biblioteca predeterminada'MSVCRTD' entra en conflicto con otras bibliotecas; use la biblioteca /NODEFAULTLIB:biblioteca
  Generando código
  Previous IPDB not found, fall back to full compilation.
  All 637 functions were compiled because no usable IPDB/IOBJ from previous compilation was found.
  Generación de código finalizada
soil2-debug.lib(etc1_utils.obj) : warning LNK4099: no se encontró PDB 'soil2-debug.pdb' con 'soil2-debug.lib(etc1_utils.obj)' o en 'C:\Users\hecto\Desktop\Repositorio\314221658_Proyecto_GPO12\ProyectoFinal\Release\soil2-debug.pdb'; se vinculará el objeto sin tener en cuenta información de depuración
soil2-debug.lib(image_DXT.obj) : warning LNK4099: no se encontró PDB 'soil2-debug.pdb' con 'soil2-debug.lib(image_DXT.obj)' o en 'C:\Users\hecto\Desktop\Repositorio\314221658_Proyecto_GPO12\ProyectoFinal\Release\soil2-debug.pdb'; se vinculará el objeto sin tener en cuenta información de depuración
soil2-debug.lib(image_helper.obj) : warning LNK4099: no se encontró PDB 'soil2-debug.pdb' con 'soil2-debug.lib(image_helper.obj)' o en 'C:\Users\hecto\Desktop\Repositorio\314221658_Proyecto_GPO12\ProyectoFinal\Release\soil2-debug.pdb'; se vinculará el objeto sin tener en cuenta información de depuración
soil2-debug.lib(SOIL2.obj) : warning LNK4099: no se encontró PDB '' con 'soil2-debug.lib(SOIL2.obj)' o en ''; se vinculará el objeto sin tener en cuenta información de depuración
  ProyectoFinal.vcxproj -> C:\Users\hecto\Desktop\Repositorio\314221658_Proyecto_GPO12\ProyectoFinal\Release\ProyectoFinal.exe
